<?xml version="1.0" encoding="UTF-8"?>
<!-- Generated by org.testng.reporters.JUnitXMLReporter -->
<testsuite ignored="2" hostname="Siva-PC" failures="0" tests="2" name="Test" time="129.655" errors="0" timestamp="2021-12-23T13:42:23 IST">
  <testcase classname="Leads.LeadTc11Test" name="Tc10" time="12.978"/>
  <testcase classname="Leads.LeadTc13Test" name="Tc10" time="8.243"/>
  <testcase classname="Base.Baseclass" name="@AfterSuite closeconnection" time="0.0">
    <ignored/>
  </testcase> <!-- @AfterSuite closeconnection -->
  <testcase classname="Base.Baseclass" name="@BeforeSuite dbconnect" time="0.0">
    <ignored/>
  </testcase> <!-- @BeforeSuite dbconnect -->
</testsuite> <!-- Test -->
