<?xml version="1.0" encoding="UTF-8"?>
<testng-results ignored="2" total="4" passed="2" failed="0" skipped="0">
  <reporter-output>
  </reporter-output>
  <suite started-at="2021-12-23T13:40:13 IST" name="Suite" finished-at="2021-12-23T13:42:23 IST" duration-ms="129655">
    <groups>
      <group name="ST">
        <method signature="LeadTc11Test.Tc10()[pri:0, instance:Leads.LeadTc11Test@33c911a1]" name="Tc10" class="Leads.LeadTc11Test"/>
        <method signature="LeadTc13Test.Tc10()[pri:0, instance:Leads.LeadTc13Test@5b94b04d]" name="Tc10" class="Leads.LeadTc13Test"/>
      </group> <!-- ST -->
    </groups>
    <test started-at="2021-12-23T13:40:13 IST" name="Test" finished-at="2021-12-23T13:42:23 IST" duration-ms="129655">
      <class name="Leads.LeadTc11Test">
        <test-method is-config="true" signature="dbconnect()[pri:0, instance:Leads.LeadTc11Test@33c911a1]" started-at="2021-12-23T13:40:12 IST" name="dbconnect" finished-at="2021-12-23T13:40:13 IST" duration-ms="1819" status="PASS">
          <reporter-output>
          </reporter-output>
        </test-method> <!-- dbconnect -->
        <test-method is-config="true" signature="configWebDrive()[pri:0, instance:Leads.LeadTc11Test@33c911a1]" started-at="2021-12-23T13:40:14 IST" name="configWebDrive" finished-at="2021-12-23T13:40:43 IST" duration-ms="29831" status="PASS">
          <reporter-output>
          </reporter-output>
        </test-method> <!-- configWebDrive -->
        <test-method is-config="true" signature="login()[pri:0, instance:Leads.LeadTc11Test@33c911a1]" started-at="2021-12-23T13:40:43 IST" name="login" finished-at="2021-12-23T13:41:31 IST" duration-ms="47768" status="PASS">
          <reporter-output>
          </reporter-output>
        </test-method> <!-- login -->
        <test-method signature="Tc10()[pri:0, instance:Leads.LeadTc11Test@33c911a1]" started-at="2021-12-23T13:41:31 IST" name="Tc10" finished-at="2021-12-23T13:41:44 IST" duration-ms="12978" status="PASS">
          <reporter-output>
          </reporter-output>
        </test-method> <!-- Tc10 -->
        <test-method is-config="true" signature="logout()[pri:0, instance:Leads.LeadTc11Test@33c911a1]" started-at="2021-12-23T13:41:44 IST" name="logout" finished-at="2021-12-23T13:41:49 IST" duration-ms="5089" status="PASS">
          <reporter-output>
          </reporter-output>
        </test-method> <!-- logout -->
        <test-method is-config="true" signature="webclose()[pri:0, instance:Leads.LeadTc11Test@33c911a1]" started-at="2021-12-23T13:41:49 IST" name="webclose" finished-at="2021-12-23T13:41:49 IST" duration-ms="143" status="PASS">
          <reporter-output>
          </reporter-output>
        </test-method> <!-- webclose -->
        <test-method is-config="true" signature="closeconnection()[pri:0, instance:Leads.LeadTc11Test@33c911a1]" started-at="2021-12-23T13:42:24 IST" name="closeconnection" finished-at="2021-12-23T13:42:24 IST" duration-ms="29" status="PASS">
          <reporter-output>
          </reporter-output>
        </test-method> <!-- closeconnection -->
      </class> <!-- Leads.LeadTc11Test -->
      <class name="Leads.LeadTc13Test">
        <test-method is-config="true" signature="configWebDrive()[pri:0, instance:Leads.LeadTc13Test@5b94b04d]" started-at="2021-12-23T13:41:49 IST" name="configWebDrive" finished-at="2021-12-23T13:41:53 IST" duration-ms="3991" status="PASS">
          <reporter-output>
          </reporter-output>
        </test-method> <!-- configWebDrive -->
        <test-method is-config="true" signature="login()[pri:0, instance:Leads.LeadTc13Test@5b94b04d]" started-at="2021-12-23T13:41:53 IST" name="login" finished-at="2021-12-23T13:42:12 IST" duration-ms="18524" status="PASS">
          <reporter-output>
          </reporter-output>
        </test-method> <!-- login -->
        <test-method signature="Tc10()[pri:0, instance:Leads.LeadTc13Test@5b94b04d]" started-at="2021-12-23T13:42:12 IST" name="Tc10" finished-at="2021-12-23T13:42:20 IST" duration-ms="8243" status="PASS">
          <reporter-output>
          </reporter-output>
        </test-method> <!-- Tc10 -->
        <test-method is-config="true" signature="logout()[pri:0, instance:Leads.LeadTc13Test@5b94b04d]" started-at="2021-12-23T13:42:20 IST" name="logout" finished-at="2021-12-23T13:42:23 IST" duration-ms="2656" status="PASS">
          <reporter-output>
          </reporter-output>
        </test-method> <!-- logout -->
        <test-method is-config="true" signature="webclose()[pri:0, instance:Leads.LeadTc13Test@5b94b04d]" started-at="2021-12-23T13:42:23 IST" name="webclose" finished-at="2021-12-23T13:42:23 IST" duration-ms="176" status="PASS">
          <reporter-output>
          </reporter-output>
        </test-method> <!-- webclose -->
      </class> <!-- Leads.LeadTc13Test -->
    </test> <!-- Test -->
  </suite> <!-- Suite -->
</testng-results>
